\BOOKMARK [1][-]{section.1}{\376\377\000M\000a\000c\000h\000i\000n\000e\000s\000\040\000e\000t\000\040\000r\000\351\000s\000e\000a\000u\000x\000\040\000d\000e\000\040\000n\000e\000u\000r\000o\000n\000e\000s}{}% 1
\BOOKMARK [2][-]{subsection.1.1}{\376\377\000M\000a\000c\000h\000i\000n\000e\000s\000\040\000e\000t\000\040\000e\000x\000e\000m\000p\000l\000e\000s\000\040\000c\000l\000a\000s\000s\000i\000q\000u\000e\000s}{section.1}% 2
\BOOKMARK [2][-]{subsection.1.2}{\376\377\000M\000L\000P\000\040\000\050\000'\000m\000u\000l\000t\000i\000l\000a\000y\000e\000r\000\040\000p\000e\000r\000c\000e\000p\000t\000r\000o\000n\000'\000\051}{section.1}% 3
\BOOKMARK [1][-]{section.2}{\376\377\000P\000o\000u\000r\000q\000u\000o\000i\000\040\000c\000o\000n\000s\000t\000r\000u\000i\000r\000e\000\040\000d\000e\000s\000\040\000m\000a\000c\000h\000i\000n\000e\000s\000\040\000?}{}% 4
\BOOKMARK [2][-]{subsection.2.1}{\376\377\000D\000i\000f\000f\000\351\000r\000e\000n\000t\000e\000s\000\040\000c\000l\000a\000s\000s\000e\000s\000\040\000d\000e\000\040\000p\000r\000o\000b\000l\000\350\000m\000e\000s}{section.2}% 5
\BOOKMARK [1][-]{section.3}{\376\377\000F\000o\000n\000c\000t\000i\000o\000n\000\040\000d\000e\000\040\000p\000e\000r\000t\000e}{}% 6
\BOOKMARK [2][-]{subsection.3.1}{\376\377\000C\000l\000a\000s\000s\000i\000f\000i\000c\000a\000t\000i\000o\000n\000\040\000b\000i\000n\000a\000i\000r\000e}{section.3}% 7
\BOOKMARK [2][-]{subsection.3.2}{\376\377\000C\000l\000a\000s\000s\000i\000f\000i\000c\000a\000t\000i\000o\000n}{section.3}% 8
\BOOKMARK [2][-]{subsection.3.3}{\376\377\000M\000o\000i\000n\000d\000r\000e\000\040\000c\000a\000r\000r\000\351}{section.3}% 9
\BOOKMARK [2][-]{subsection.3.4}{\376\377\000R\000e\000m\000a\000r\000q\000u\000e\000s}{section.3}% 10
\BOOKMARK [1][-]{section.4}{\376\377\000A\000p\000p\000r\000e\000n\000t\000i\000s\000s\000a\000g\000e}{}% 11
\BOOKMARK [2][-]{subsection.4.1}{\376\377\000M\000\351\000t\000h\000o\000d\000e\000\040\000d\000e\000\040\000g\000r\000a\000d\000i\000e\000n\000t}{section.4}% 12
\BOOKMARK [2][-]{subsection.4.2}{\376\377\000C\000a\000l\000c\000u\000l\000\040\000d\000i\000f\000f\000\351\000r\000e\000n\000t\000i\000e\000l}{section.4}% 13
\BOOKMARK [2][-]{subsection.4.3}{\376\377\000D\000i\000f\000f\000\351\000r\000e\000n\000t\000i\000a\000t\000i\000o\000n\000\040\000a\000u\000t\000o\000m\000a\000t\000i\000q\000u\000e}{section.4}% 14
\BOOKMARK [2][-]{subsection.4.4}{\376\377\000A\000p\000p\000r\000e\000n\000t\000i\000s\000s\000a\000g\000e\000\040\000p\000a\000r\000\040\000\351\000t\000a\000p\000e}{section.4}% 15
\BOOKMARK [1][-]{section.5}{\376\377\000E\000D\000O\000\040\000e\000t\000\040\000m\000\351\000t\000h\000o\000d\000e\000\040\000d\000e\000\040\000c\000o\000l\000l\000o\000c\000a\000t\000i\000o\000n}{}% 16
\BOOKMARK [2][-]{subsection.5.1}{\376\377\000M\000\351\000t\000h\000o\000d\000e\000\040\000d\000e\000\040\000c\000o\000l\000l\000o\000c\000a\000t\000i\000o\000n\000\040\000e\000t\000\040\000m\000\351\000t\000h\000o\000d\000e\000\040\000d\000e\000\040\000G\000a\000l\000e\000r\000k\000i\000n}{section.5}% 17
\BOOKMARK [3][-]{subsubsection.5.1.1}{\376\377\000M\000\351\000t\000h\000o\000d\000e\000\040\000d\000e\000\040\000c\000o\000l\000l\000o\000c\000a\000t\000i\000o\000n}{subsection.5.1}% 18
\BOOKMARK [3][-]{subsubsection.5.1.2}{\376\377\000M\000\351\000t\000h\000o\000d\000e\000\040\000d\000e\000\040\000G\000a\000l\000e\000r\000k\000i\000n}{subsection.5.1}% 19
\BOOKMARK [2][-]{subsection.5.2}{\376\377\000F\000o\000n\000c\000t\000i\000o\000n\000\040\000l\000o\000s\000s}{section.5}% 20
\BOOKMARK [1][-]{section.6}{\376\377\000R\000\351\000s\000e\000a\000u\000x\000\040\000p\000o\000u\000r\000\040\000l\000e\000s\000\040\000E\000D\000O}{}% 21
\BOOKMARK [1][-]{section.7}{\376\377\000E\000D\000O\000\040\000a\000v\000e\000c\000\040\000p\000a\000r\000a\000m\000\350\000t\000r\000e\000s}{}% 22
